<?xml version="1.0" encoding="UTF-8"?>
<!-- Generated by org.testng.reporters.JUnitReportReporter -->
<testsuite hostname="Eidita" failures="0" tests="1" name="com.facebook.findElements.Elements" time="9.077" errors="0" timestamp="2023-09-23T13:08:33 EDT" skipped="0">
  <testcase classname="com.facebook.findElements.Elements" name="listOfElements" time="9.077"/>
  <system-out/>
</testsuite> <!-- com.facebook.findElements.Elements -->
