<?xml version="1.0" encoding="UTF-8"?>
<!-- Generated by org.testng.reporters.JUnitReportReporter -->
<testsuite hostname="Eidita" failures="0" tests="1" name="com.facebook.locator.XpathIndexing" time="16.208" errors="0" timestamp="2023-09-23T12:12:27 EDT" skipped="0">
  <testcase classname="com.facebook.locator.XpathIndexing" name="xpathIndexing" time="16.208"/>
  <system-out/>
</testsuite> <!-- com.facebook.locator.XpathIndexing -->
