<?xml version="1.0" encoding="UTF-8"?>
<!-- Generated by org.testng.reporters.JUnitReportReporter -->
<testsuite hostname="Eidita" failures="0" tests="1" name="com.facebook.pageFactory.LoginTest" time="7.671" errors="0" timestamp="2023-09-30T10:44:23 EDT" skipped="0">
  <testcase classname="com.facebook.pageFactory.LoginTest" name="boundaryLoginTest" time="7.671"/>
  <system-out/>
</testsuite> <!-- com.facebook.pageFactory.LoginTest -->
