<?xml version="1.0" encoding="UTF-8"?>
<!-- Generated by org.testng.reporters.JUnitReportReporter -->
<testsuite hostname="Eidita" failures="0" tests="1" name="com.facebook.pom_PageFactory.LoginTestWithPageFactory" time="8.596" errors="0" timestamp="2023-09-30T13:06:23 EDT" skipped="0">
  <testcase classname="com.facebook.pom_PageFactory.LoginTestWithPageFactory" name="validLoginTest" time="8.596"/>
  <system-out/>
</testsuite> <!-- com.facebook.pom_PageFactory.LoginTestWithPageFactory -->
