<?xml version="1.0" encoding="UTF-8"?>
<!-- Generated by org.testng.reporters.JUnitReportReporter -->
<testsuite hostname="Eidita" failures="0" tests="1" name="com.facebook.locator.ContainFunctionXpath" time="0.019" errors="0" timestamp="2023-09-17T21:36:58 EDT" skipped="0">
  <testcase classname="com.facebook.locator.ContainFunctionXpath" name="containFunction" time="0.019"/>
  <system-out/>
</testsuite> <!-- com.facebook.locator.ContainFunctionXpath -->
