<?xml version="1.0" encoding="UTF-8"?>
<!-- Generated by org.testng.reporters.JUnitReportReporter -->
<testsuite hostname="Eidita" failures="0" tests="3" name="com.facebook.locator.DynamicLocators" time="24.895" errors="0" timestamp="2023-09-23T11:11:53 EDT" skipped="0">
  <testcase classname="com.facebook.locator.DynamicLocators" name="dynamicXpath" time="8.788"/>
  <system-out/>
  <testcase classname="com.facebook.locator.DynamicLocators" name="dynamicXpath" time="6.720"/>
  <system-out/>
  <testcase classname="com.facebook.locator.DynamicLocators" name="dynamicXpath" time="9.387"/>
  <system-out/>
</testsuite> <!-- com.facebook.locator.DynamicLocators -->
