<?xml version="1.0" encoding="UTF-8"?>
<!-- Generated by org.testng.reporters.JUnitReportReporter -->
<testsuite hostname="Eidita" failures="0" tests="3" name="com.facebook.locator.DirectLocators" time="5.129" errors="0" timestamp="2023-09-10T11:49:53 EDT" skipped="0">
  <testcase classname="com.facebook.locator.DirectLocators" name="partialLinkTextLocatorsTest" time="2.623"/>
  <system-out/>
  <testcase classname="com.facebook.locator.DirectLocators" name="idLocatorsTest" time="0.178"/>
  <system-out/>
  <testcase classname="com.facebook.locator.DirectLocators" name="linkTextLocatorsTest" time="2.328"/>
  <system-out/>
</testsuite> <!-- com.facebook.locator.DirectLocators -->
