<?xml version="1.0" encoding="UTF-8"?>
<!-- Generated by org.testng.reporters.JUnitReportReporter -->
<testsuite hostname="Eidita" failures="0" tests="1" name="com.facebook.locator.RegularXpath" time="4.589" errors="0" timestamp="2023-09-10T14:11:17 EDT" skipped="0">
  <testcase classname="com.facebook.locator.RegularXpath" name="loginTest" time="4.589"/>
  <system-out/>
</testsuite> <!-- com.facebook.locator.RegularXpath -->
