<?xml version="1.0" encoding="UTF-8"?>
<!-- Generated by org.testng.reporters.JUnitReportReporter -->
<testsuite hostname="Eidita" failures="0" tests="2" name="com.fabook.pageObjectModel_LoginTests.LoginTest" time="15.849" errors="0" timestamp="2023-09-24T13:31:23 EDT" skipped="0">
  <testcase classname="com.fabook.pageObjectModel_LoginTests.LoginTest" name="validLoginTest" time="9.044"/>
  <system-out/>
  <testcase classname="com.fabook.pageObjectModel_LoginTests.LoginTest" name="invalidLoginTest" time="6.805"/>
  <system-out/>
</testsuite> <!-- com.fabook.pageObjectModel_LoginTests.LoginTest -->
