<?xml version="1.0" encoding="UTF-8"?>
<!-- Generated by org.testng.reporters.JUnitReportReporter -->
<testsuite hostname="Eidita" failures="0" tests="3" name="com.facebook.locator.DirectLocators" time="11.175" errors="0" timestamp="2023-09-17T23:39:34 EDT" skipped="0">
  <testcase classname="com.facebook.locator.DirectLocators" name="idLocatorsTest" time="0.121"/>
  <system-out/>
  <testcase classname="com.facebook.locator.DirectLocators" name="partialLinkTextLocatorsTest" time="3.668"/>
  <system-out/>
  <testcase classname="com.facebook.locator.DirectLocators" name="linkTextLocatorsTest" time="7.386"/>
  <system-out/>
</testsuite> <!-- com.facebook.locator.DirectLocators -->
