<?xml version="1.0" encoding="UTF-8"?>
<!-- Generated by org.testng.reporters.JUnitReportReporter -->
<testsuite hostname="Eidita" failures="0" tests="3" name="com.facebookTest.FacebookTest" time="33.167" errors="0" timestamp="2023-09-10T11:05:36 EDT" skipped="0">
  <testcase classname="com.facebookTest.FacebookTest" name="openEdgeBrowser" time="22.041"/>
  <system-out/>
  <testcase classname="com.facebookTest.FacebookTest" name="testOne" time="0.007"/>
  <system-out/>
  <testcase classname="com.facebookTest.FacebookTest" name="openChromeBrowser" time="11.119"/>
  <system-out/>
</testsuite> <!-- com.facebookTest.FacebookTest -->
