<?xml version="1.0" encoding="UTF-8"?>
<!-- Generated by org.testng.reporters.JUnitReportReporter -->
<testsuite hostname="Eidita" failures="0" tests="3" name="com.facebook.locator.XpathFunction" time="25.210" errors="0" timestamp="2023-09-23T12:18:20 EDT" skipped="0">
  <testcase classname="com.facebook.locator.XpathFunction" name="linkText" time="11.305"/>
  <system-out/>
  <testcase classname="com.facebook.locator.XpathFunction" name="getText" time="7.477"/>
  <system-out/>
  <testcase classname="com.facebook.locator.XpathFunction" name="listText" time="6.428"/>
  <system-out/>
</testsuite> <!-- com.facebook.locator.XpathFunction -->
